<?xml version="1.0" encoding="UTF-8"?>
<testsuites name="jest tests" tests="20" failures="1" errors="0" time="2.769">
  <testsuite name="undefined" errors="0" failures="0" skipped="0" timestamp="2021-04-05T14:43:05" time="0.467" tests="1">
    <testcase classname=" dataframe test" name=" dataframe test" time="0.003">
    </testcase>
  </testsuite>
  <testsuite name="undefined" errors="0" failures="0" skipped="0" timestamp="2021-04-05T14:43:06" time="0.057" tests="1">
    <testcase classname=" serie test" name=" serie test" time="0.001">
    </testcase>
  </testsuite>
  <testsuite name="undefined" errors="0" failures="1" skipped="0" timestamp="2021-04-05T14:43:06" time="1.33" tests="12">
    <testcase classname=" dataframe operation add" name=" dataframe operation add" time="0.011">
    </testcase>
    <testcase classname=" dataframe operation add multiple" name=" dataframe operation add multiple" time="0.001">
    </testcase>
    <testcase classname=" dataframe operation mult" name=" dataframe operation mult" time="0.003">
    </testcase>
    <testcase classname=" dataframe operation div" name=" dataframe operation div" time="0.004">
    </testcase>
    <testcase classname=" dataframe operation sub" name=" dataframe operation sub" time="0.002">
    </testcase>
    <testcase classname=" dataframe operation norm" name=" dataframe operation norm" time="0.001">
    </testcase>
    <testcase classname=" dataframe operation mean" name=" dataframe operation mean" time="0">
    </testcase>
    <testcase classname=" dataframe operation superposition" name=" dataframe operation superposition" time="0">
    </testcase>
    <testcase classname=" dataframe operation eigen" name=" dataframe operation eigen" time="0.002">
    </testcase>
    <testcase classname=" dataframe operation trace" name=" dataframe operation trace" time="0.001">
    </testcase>
    <testcase classname=" dataframe operation transpose" name=" dataframe operation transpose" time="0">
    </testcase>
    <testcase classname=" dataframe operation composition" name=" dataframe operation composition" time="0.01">
      <failure>Error: array length (3) is not a multiple of itemSize (6)
    at new Serie (/Users/fmaerten/projects/youwol/workspace/packages/dataframe/src/lib/serie.ts:26:48)
    at Object.createSerie (/Users/fmaerten/projects/youwol/workspace/packages/dataframe/src/lib/serie.ts:108:12)
    at Object.map (/Users/fmaerten/projects/youwol/workspace/packages/dataframe/src/lib/algorithms/map.ts:20:12)
    at Object.&lt;anonymous&gt; (/Users/fmaerten/projects/youwol/workspace/packages/dataframe/src/tests/operations.test.ts:213:15)
    at Object.asyncJestTest (/Users/fmaerten/projects/youwol/workspace/packages/dataframe/node_modules/jest-jasmine2/build/jasmineAsyncInstall.js:106:37)
    at /Users/fmaerten/projects/youwol/workspace/packages/dataframe/node_modules/jest-jasmine2/build/queueRunner.js:45:12
    at new Promise (&lt;anonymous&gt;)
    at mapper (/Users/fmaerten/projects/youwol/workspace/packages/dataframe/node_modules/jest-jasmine2/build/queueRunner.js:28:19)
    at /Users/fmaerten/projects/youwol/workspace/packages/dataframe/node_modules/jest-jasmine2/build/queueRunner.js:75:41</failure>
    </testcase>
  </testsuite>
  <testsuite name="undefined" errors="0" failures="0" skipped="0" timestamp="2021-04-05T14:43:07" time="0.053" tests="2">
    <testcase classname=" dataframe test 1" name=" dataframe test 1" time="0.001">
    </testcase>
    <testcase classname=" dataframe test 2" name=" dataframe test 2" time="0.002">
    </testcase>
  </testsuite>
  <testsuite name="undefined" errors="0" failures="0" skipped="0" timestamp="2021-04-05T14:43:07" time="0.062" tests="4">
    <testcase classname=" dataframe algo map" name=" dataframe algo map" time="0.006">
    </testcase>
    <testcase classname=" dataframe algo forEach" name=" dataframe algo forEach" time="0.002">
    </testcase>
    <testcase classname=" dataframe algo filter" name=" dataframe algo filter" time="0">
    </testcase>
    <testcase classname=" dataframe algo reduceItem" name=" dataframe algo reduceItem" time="0">
    </testcase>
  </testsuite>
</testsuites>