<?xml version="1.0" encoding="UTF-8"?>
<testsuites name="jest tests" tests="44" failures="0" errors="0" time="8.295">
  <testsuite name="undefined" errors="0" failures="0" skipped="0" timestamp="2021-04-30T16:25:44" time="5.234" tests="7">
    <testcase classname=" test min array" name=" test min array" time="0.004">
    </testcase>
    <testcase classname=" test max array" name=" test max array" time="0">
    </testcase>
    <testcase classname=" test min/max array" name=" test min/max array" time="0">
    </testcase>
    <testcase classname=" test normalize array" name=" test normalize array" time="0.001">
    </testcase>
    <testcase classname=" test scale array" name=" test scale array" time="0.001">
    </testcase>
    <testcase classname=" test detect NaN in array" name=" test detect NaN in array" time="0">
    </testcase>
    <testcase classname=" test flatten array" name=" test flatten array" time="0">
    </testcase>
  </testsuite>
  <testsuite name="undefined" errors="0" failures="0" skipped="0" timestamp="2021-04-30T16:25:44" time="5.302" tests="1">
    <testcase classname=" dataframe test" name=" dataframe test" time="0.004">
    </testcase>
  </testsuite>
  <testsuite name="undefined" errors="0" failures="0" skipped="0" timestamp="2021-04-30T16:25:44" time="5.524" tests="4">
    <testcase classname=" dataframe algo map" name=" dataframe algo map" time="0.022">
    </testcase>
    <testcase classname=" dataframe algo forEach" name=" dataframe algo forEach" time="0.004">
    </testcase>
    <testcase classname=" dataframe algo filter" name=" dataframe algo filter" time="0.001">
    </testcase>
    <testcase classname=" dataframe algo reduce" name=" dataframe algo reduce" time="0.019">
    </testcase>
  </testsuite>
  <testsuite name="undefined" errors="0" failures="0" skipped="0" timestamp="2021-04-30T16:25:44" time="5.681" tests="1">
    <testcase classname=" test test" name=" test test" time="0.013">
    </testcase>
  </testsuite>
  <testsuite name="undefined" errors="0" failures="0" skipped="0" timestamp="2021-04-30T16:25:44" time="5.705" tests="2">
    <testcase classname=" dataframe test 1" name=" dataframe test 1" time="0.009">
    </testcase>
    <testcase classname=" dataframe test 2" name=" dataframe test 2" time="0.021">
    </testcase>
  </testsuite>
  <testsuite name="undefined" errors="0" failures="0" skipped="0" timestamp="2021-04-30T16:25:44" time="5.724" tests="1">
    <testcase classname=" serie test" name=" serie test" time="0.008">
    </testcase>
  </testsuite>
  <testsuite name="undefined" errors="0" failures="0" skipped="0" timestamp="2021-04-30T16:25:44" time="5.725" tests="2">
    <testcase classname=" test create array" name=" test create array" time="0.032">
    </testcase>
    <testcase classname=" test create shared array" name=" test create shared array" time="0.004">
    </testcase>
  </testsuite>
  <testsuite name="undefined" errors="0" failures="0" skipped="0" timestamp="2021-04-30T16:25:44" time="5.792" tests="8">
    <testcase classname=" views test vector" name=" views test vector" time="0.006">
    </testcase>
    <testcase classname=" views test isSymmetric" name=" views test isSymmetric" time="0.001">
    </testcase>
    <testcase classname=" views test squared matrix" name=" views test squared matrix" time="0.019">
    </testcase>
    <testcase classname=" views test symmetric squared matrix" name=" views test symmetric squared matrix" time="0.002">
    </testcase>
    <testcase classname=" views squared matrix * vector" name=" views squared matrix * vector" time="0.002">
    </testcase>
    <testcase classname=" views symmetric squared smatrix * vector" name=" views symmetric squared smatrix * vector" time="0">
    </testcase>
    <testcase classname=" views complex operation" name=" views complex operation" time="0.001">
    </testcase>
    <testcase classname=" views superposition" name=" views superposition" time="0.001">
    </testcase>
  </testsuite>
  <testsuite name="undefined" errors="0" failures="0" skipped="0" timestamp="2021-04-30T16:25:44" time="5.831" tests="18">
    <testcase classname=" operation add" name=" operation add" time="0.014">
    </testcase>
    <testcase classname=" operation add multiple" name=" operation add multiple" time="0.001">
    </testcase>
    <testcase classname=" operation mult" name=" operation mult" time="0.004">
    </testcase>
    <testcase classname=" operation div" name=" operation div" time="0.006">
    </testcase>
    <testcase classname=" operation sub" name=" operation sub" time="0.006">
    </testcase>
    <testcase classname=" operation norm" name=" operation norm" time="0">
    </testcase>
    <testcase classname=" operation mean" name=" operation mean" time="0.001">
    </testcase>
    <testcase classname=" operation superposition" name=" operation superposition" time="0">
    </testcase>
    <testcase classname=" operation eigen" name=" operation eigen" time="0.005">
    </testcase>
    <testcase classname=" operation trace" name=" operation trace" time="0.001">
    </testcase>
    <testcase classname=" operation transpose" name=" operation transpose" time="0.001">
    </testcase>
    <testcase classname=" operation square" name=" operation square" time="0.001">
    </testcase>
    <testcase classname=" operation normalize" name=" operation normalize" time="0.003">
    </testcase>
    <testcase classname=" operation cross" name=" operation cross" time="0.001">
    </testcase>
    <testcase classname=" operation abs" name=" operation abs" time="0">
    </testcase>
    <testcase classname=" operation dot" name=" operation dot" time="0">
    </testcase>
    <testcase classname=" operation composition" name=" operation composition" time="0.001">
    </testcase>
    <testcase classname=" superposition" name=" superposition" time="0.002">
    </testcase>
  </testsuite>
</testsuites>